{"/Users/apple/code/housing-society-backend/index.js": {"path":"/Users/apple/code/housing-society-backend/index.js","statementMap":{"0":{"start":{"line":1,"column":0},"end":{"line":1,"column":27}},"1":{"start":{"line":2,"column":16},"end":{"line":2,"column":34}},"2":{"start":{"line":3,"column":19},"end":{"line":3,"column":41}},"3":{"start":{"line":4,"column":14},"end":{"line":4,"column":30}},"4":{"start":{"line":5,"column":15},"end":{"line":5,"column":41}},"5":{"start":{"line":6,"column":13},"end":{"line":6,"column":28}},"6":{"start":{"line":7,"column":19},"end":{"line":7,"column":41}},"7":{"start":{"line":12,"column":12},"end":{"line":12,"column":21}},"8":{"start":{"line":20,"column":0},"end":{"line":20,"column":16}},"9":{"start":{"line":21,"column":0},"end":{"line":21,"column":24}},"10":{"start":{"line":22,"column":0},"end":{"line":22,"column":24}},"11":{"start":{"line":28,"column":0},"end":{"line":30,"column":3}},"12":{"start":{"line":29,"column":4},"end":{"line":29,"column":44}}},"fnMap":{"0":{"name":"(anonymous_0)","decl":{"start":{"line":28,"column":17},"end":{"line":28,"column":18}},"loc":{"start":{"line":28,"column":23},"end":{"line":30,"column":1}},"line":28}},"branchMap":{},"s":{"0":1,"1":1,"2":1,"3":1,"4":1,"5":1,"6":1,"7":1,"8":1,"9":1,"10":1,"11":1,"12":0},"f":{"0":0},"b":{},"_coverageSchema":"1a1c01bbd47fc00a2c39e90264f33305004495a9","hash":"86c71e877a4bbaa4d0bf649a28cab07c57a01fe1"}
,"/Users/apple/code/housing-society-backend/auth/token-validation.js": {"path":"/Users/apple/code/housing-society-backend/auth/token-validation.js","statementMap":{"0":{"start":{"line":1,"column":12},"end":{"line":1,"column":35}},"1":{"start":{"line":2,"column":16},"end":{"line":2,"column":34}},"2":{"start":{"line":3,"column":15},"end":{"line":3,"column":31}},"3":{"start":{"line":4,"column":19},"end":{"line":4,"column":42}},"4":{"start":{"line":6,"column":0},"end":{"line":29,"column":2}},"5":{"start":{"line":8,"column":20},"end":{"line":8,"column":44}},"6":{"start":{"line":9,"column":8},"end":{"line":27,"column":9}},"7":{"start":{"line":10,"column":12},"end":{"line":10,"column":35}},"8":{"start":{"line":11,"column":12},"end":{"line":24,"column":13}},"9":{"start":{"line":12,"column":31},"end":{"line":12,"column":96}},"10":{"start":{"line":13,"column":32},"end":{"line":13,"column":42}},"11":{"start":{"line":14,"column":26},"end":{"line":14,"column":162}},"12":{"start":{"line":15,"column":16},"end":{"line":22,"column":19}},"13":{"start":{"line":16,"column":20},"end":{"line":16,"column":73}},"14":{"start":{"line":16,"column":29},"end":{"line":16,"column":73}},"15":{"start":{"line":17,"column":20},"end":{"line":21,"column":21}},"16":{"start":{"line":18,"column":24},"end":{"line":18,"column":31}},"17":{"start":{"line":20,"column":24},"end":{"line":20,"column":80}},"18":{"start":{"line":26,"column":12},"end":{"line":26,"column":68}}},"fnMap":{"0":{"name":"(anonymous_0)","decl":{"start":{"line":7,"column":16},"end":{"line":7,"column":17}},"loc":{"start":{"line":7,"column":36},"end":{"line":28,"column":5}},"line":7},"1":{"name":"(anonymous_1)","decl":{"start":{"line":15,"column":38},"end":{"line":15,"column":39}},"loc":{"start":{"line":15,"column":56},"end":{"line":22,"column":17}},"line":15}},"branchMap":{"0":{"loc":{"start":{"line":9,"column":8},"end":{"line":27,"column":9}},"type":"if","locations":[{"start":{"line":9,"column":8},"end":{"line":27,"column":9}},{"start":{"line":25,"column":14},"end":{"line":27,"column":9}}],"line":9},"1":{"loc":{"start":{"line":11,"column":12},"end":{"line":24,"column":13}},"type":"if","locations":[{"start":{"line":11,"column":12},"end":{"line":24,"column":13}},{"start":{},"end":{}}],"line":11},"2":{"loc":{"start":{"line":16,"column":20},"end":{"line":16,"column":73}},"type":"if","locations":[{"start":{"line":16,"column":20},"end":{"line":16,"column":73}},{"start":{},"end":{}}],"line":16},"3":{"loc":{"start":{"line":17,"column":20},"end":{"line":21,"column":21}},"type":"if","locations":[{"start":{"line":17,"column":20},"end":{"line":21,"column":21}},{"start":{"line":19,"column":26},"end":{"line":21,"column":21}}],"line":17}},"s":{"0":1,"1":1,"2":1,"3":1,"4":1,"5":0,"6":0,"7":0,"8":0,"9":0,"10":0,"11":0,"12":0,"13":0,"14":0,"15":0,"16":0,"17":0,"18":0},"f":{"0":0,"1":0},"b":{"0":[0,0],"1":[0,0],"2":[0,0],"3":[0,0]},"_coverageSchema":"1a1c01bbd47fc00a2c39e90264f33305004495a9","hash":"5e55b7f4f4f401c5807e2bda20bfa309396ea20e"}
,"/Users/apple/code/housing-society-backend/config/db.js": {"path":"/Users/apple/code/housing-society-backend/config/db.js","statementMap":{"0":{"start":{"line":1,"column":14},"end":{"line":1,"column":30}},"1":{"start":{"line":4,"column":19},"end":{"line":10,"column":2}},"2":{"start":{"line":12,"column":0},"end":{"line":15,"column":3}},"3":{"start":{"line":13,"column":2},"end":{"line":13,"column":20}},"4":{"start":{"line":13,"column":10},"end":{"line":13,"column":20}},"5":{"start":{"line":14,"column":2},"end":{"line":14,"column":36}},"6":{"start":{"line":17,"column":0},"end":{"line":17,"column":28}}},"fnMap":{"0":{"name":"(anonymous_0)","decl":{"start":{"line":12,"column":25},"end":{"line":12,"column":26}},"loc":{"start":{"line":12,"column":34},"end":{"line":15,"column":1}},"line":12}},"branchMap":{"0":{"loc":{"start":{"line":13,"column":2},"end":{"line":13,"column":20}},"type":"if","locations":[{"start":{"line":13,"column":2},"end":{"line":13,"column":20}},{"start":{},"end":{}}],"line":13}},"s":{"0":1,"1":1,"2":1,"3":0,"4":0,"5":0,"6":1},"f":{"0":0},"b":{"0":[0,0]},"_coverageSchema":"1a1c01bbd47fc00a2c39e90264f33305004495a9","hash":"5d20fd99182fdce83c480df0d27fa9c25efdb3e3"}
,"/Users/apple/code/housing-society-backend/routes/routes.js": {"path":"/Users/apple/code/housing-society-backend/routes/routes.js","statementMap":{"0":{"start":{"line":2,"column":16},"end":{"line":2,"column":34}},"1":{"start":{"line":3,"column":15},"end":{"line":3,"column":31}},"2":{"start":{"line":4,"column":19},"end":{"line":4,"column":42}},"3":{"start":{"line":5,"column":13},"end":{"line":5,"column":30}},"4":{"start":{"line":6,"column":12},"end":{"line":6,"column":35}},"5":{"start":{"line":7,"column":23},"end":{"line":7,"column":58}},"6":{"start":{"line":10,"column":0},"end":{"line":49,"column":3}},"7":{"start":{"line":11,"column":21},"end":{"line":11,"column":40}},"8":{"start":{"line":12,"column":20},"end":{"line":12,"column":38}},"9":{"start":{"line":13,"column":19},"end":{"line":13,"column":36}},"10":{"start":{"line":14,"column":25},"end":{"line":14,"column":48}},"11":{"start":{"line":15,"column":14},"end":{"line":15,"column":26}},"12":{"start":{"line":17,"column":4},"end":{"line":21,"column":5}},"13":{"start":{"line":18,"column":8},"end":{"line":18,"column":37}},"14":{"start":{"line":20,"column":8},"end":{"line":20,"column":21}},"15":{"start":{"line":23,"column":12},"end":{"line":23,"column":109}},"16":{"start":{"line":25,"column":4},"end":{"line":47,"column":7}},"17":{"start":{"line":26,"column":8},"end":{"line":26,"column":60}},"18":{"start":{"line":26,"column":16},"end":{"line":26,"column":60}},"19":{"start":{"line":27,"column":8},"end":{"line":46,"column":9}},"20":{"start":{"line":28,"column":12},"end":{"line":28,"column":94}},"21":{"start":{"line":30,"column":12},"end":{"line":45,"column":15}},"22":{"start":{"line":31,"column":16},"end":{"line":33,"column":17}},"23":{"start":{"line":32,"column":20},"end":{"line":32,"column":60}},"24":{"start":{"line":34,"column":26},"end":{"line":34,"column":223}},"25":{"start":{"line":35,"column":16},"end":{"line":44,"column":19}},"26":{"start":{"line":36,"column":20},"end":{"line":36,"column":73}},"27":{"start":{"line":36,"column":29},"end":{"line":36,"column":73}},"28":{"start":{"line":37,"column":30},"end":{"line":37,"column":137}},"29":{"start":{"line":38,"column":20},"end":{"line":43,"column":23}},"30":{"start":{"line":39,"column":24},"end":{"line":39,"column":77}},"31":{"start":{"line":39,"column":33},"end":{"line":39,"column":77}},"32":{"start":{"line":40,"column":24},"end":{"line":42,"column":27}},"33":{"start":{"line":53,"column":0},"end":{"line":88,"column":3}},"34":{"start":{"line":54,"column":19},"end":{"line":54,"column":36}},"35":{"start":{"line":55,"column":14},"end":{"line":55,"column":26}},"36":{"start":{"line":56,"column":16},"end":{"line":56,"column":31}},"37":{"start":{"line":57,"column":4},"end":{"line":87,"column":5}},"38":{"start":{"line":58,"column":18},"end":{"line":58,"column":92}},"39":{"start":{"line":59,"column":8},"end":{"line":84,"column":11}},"40":{"start":{"line":60,"column":12},"end":{"line":60,"column":65}},"41":{"start":{"line":60,"column":21},"end":{"line":60,"column":65}},"42":{"start":{"line":61,"column":12},"end":{"line":83,"column":13}},"43":{"start":{"line":63,"column":16},"end":{"line":78,"column":19}},"44":{"start":{"line":64,"column":20},"end":{"line":64,"column":72}},"45":{"start":{"line":64,"column":28},"end":{"line":64,"column":72}},"46":{"start":{"line":65,"column":20},"end":{"line":77,"column":21}},"47":{"start":{"line":66,"column":42},"end":{"line":66,"column":97}},"48":{"start":{"line":67,"column":40},"end":{"line":67,"column":67}},"49":{"start":{"line":68,"column":32},"end":{"line":68,"column":144}},"50":{"start":{"line":69,"column":24},"end":{"line":73,"column":27}},"51":{"start":{"line":70,"column":28},"end":{"line":70,"column":81}},"52":{"start":{"line":70,"column":37},"end":{"line":70,"column":81}},"53":{"start":{"line":72,"column":28},"end":{"line":72,"column":105}},"54":{"start":{"line":76,"column":24},"end":{"line":76,"column":90}},"55":{"start":{"line":82,"column":16},"end":{"line":82,"column":79}},"56":{"start":{"line":86,"column":8},"end":{"line":86,"column":83}},"57":{"start":{"line":123,"column":0},"end":{"line":133,"column":3}},"58":{"start":{"line":124,"column":14},"end":{"line":124,"column":105}},"59":{"start":{"line":125,"column":4},"end":{"line":132,"column":7}},"60":{"start":{"line":126,"column":8},"end":{"line":126,"column":60}},"61":{"start":{"line":126,"column":16},"end":{"line":126,"column":60}},"62":{"start":{"line":127,"column":8},"end":{"line":131,"column":9}},"63":{"start":{"line":128,"column":12},"end":{"line":128,"column":63}},"64":{"start":{"line":130,"column":12},"end":{"line":130,"column":72}},"65":{"start":{"line":136,"column":0},"end":{"line":147,"column":3}},"66":{"start":{"line":137,"column":13},"end":{"line":137,"column":26}},"67":{"start":{"line":138,"column":14},"end":{"line":138,"column":122}},"68":{"start":{"line":139,"column":4},"end":{"line":146,"column":7}},"69":{"start":{"line":140,"column":8},"end":{"line":140,"column":61}},"70":{"start":{"line":140,"column":17},"end":{"line":140,"column":61}},"71":{"start":{"line":141,"column":8},"end":{"line":145,"column":9}},"72":{"start":{"line":142,"column":12},"end":{"line":142,"column":63}},"73":{"start":{"line":144,"column":10},"end":{"line":144,"column":81}},"74":{"start":{"line":150,"column":0},"end":{"line":173,"column":3}},"75":{"start":{"line":151,"column":13},"end":{"line":151,"column":26}},"76":{"start":{"line":152,"column":21},"end":{"line":152,"column":40}},"77":{"start":{"line":153,"column":20},"end":{"line":153,"column":38}},"78":{"start":{"line":154,"column":19},"end":{"line":154,"column":36}},"79":{"start":{"line":155,"column":25},"end":{"line":155,"column":48}},"80":{"start":{"line":157,"column":14},"end":{"line":157,"column":195}},"81":{"start":{"line":158,"column":4},"end":{"line":171,"column":7}},"82":{"start":{"line":159,"column":8},"end":{"line":159,"column":60}},"83":{"start":{"line":159,"column":16},"end":{"line":159,"column":60}},"84":{"start":{"line":160,"column":8},"end":{"line":170,"column":9}},"85":{"start":{"line":161,"column":22},"end":{"line":161,"column":117}},"86":{"start":{"line":162,"column":12},"end":{"line":167,"column":15}},"87":{"start":{"line":163,"column":16},"end":{"line":163,"column":69}},"88":{"start":{"line":163,"column":25},"end":{"line":163,"column":69}},"89":{"start":{"line":164,"column":16},"end":{"line":166,"column":19}},"90":{"start":{"line":169,"column":12},"end":{"line":169,"column":69}},"91":{"start":{"line":176,"column":0},"end":{"line":193,"column":3}},"92":{"start":{"line":177,"column":13},"end":{"line":177,"column":26}},"93":{"start":{"line":178,"column":14},"end":{"line":178,"column":109}},"94":{"start":{"line":179,"column":4},"end":{"line":192,"column":7}},"95":{"start":{"line":180,"column":8},"end":{"line":180,"column":60}},"96":{"start":{"line":180,"column":16},"end":{"line":180,"column":60}},"97":{"start":{"line":181,"column":8},"end":{"line":191,"column":9}},"98":{"start":{"line":182,"column":22},"end":{"line":182,"column":65}},"99":{"start":{"line":183,"column":12},"end":{"line":188,"column":15}},"100":{"start":{"line":184,"column":16},"end":{"line":184,"column":68}},"101":{"start":{"line":184,"column":24},"end":{"line":184,"column":68}},"102":{"start":{"line":185,"column":16},"end":{"line":187,"column":19}},"103":{"start":{"line":190,"column":12},"end":{"line":190,"column":81}},"104":{"start":{"line":196,"column":0},"end":{"line":206,"column":3}},"105":{"start":{"line":197,"column":14},"end":{"line":197,"column":44}},"106":{"start":{"line":198,"column":4},"end":{"line":205,"column":7}},"107":{"start":{"line":199,"column":8},"end":{"line":199,"column":60}},"108":{"start":{"line":199,"column":16},"end":{"line":199,"column":60}},"109":{"start":{"line":200,"column":8},"end":{"line":204,"column":9}},"110":{"start":{"line":201,"column":12},"end":{"line":201,"column":63}},"111":{"start":{"line":203,"column":12},"end":{"line":203,"column":65}},"112":{"start":{"line":209,"column":0},"end":{"line":220,"column":3}},"113":{"start":{"line":210,"column":13},"end":{"line":210,"column":26}},"114":{"start":{"line":211,"column":14},"end":{"line":211,"column":78}},"115":{"start":{"line":212,"column":4},"end":{"line":219,"column":7}},"116":{"start":{"line":213,"column":8},"end":{"line":213,"column":61}},"117":{"start":{"line":213,"column":17},"end":{"line":213,"column":61}},"118":{"start":{"line":214,"column":8},"end":{"line":218,"column":9}},"119":{"start":{"line":215,"column":12},"end":{"line":215,"column":63}},"120":{"start":{"line":217,"column":10},"end":{"line":217,"column":81}},"121":{"start":{"line":223,"column":0},"end":{"line":241,"column":3}},"122":{"start":{"line":224,"column":17},"end":{"line":224,"column":34}},"123":{"start":{"line":226,"column":4},"end":{"line":230,"column":5}},"124":{"start":{"line":227,"column":8},"end":{"line":227,"column":16}},"125":{"start":{"line":229,"column":8},"end":{"line":229,"column":16}},"126":{"start":{"line":231,"column":14},"end":{"line":231,"column":83}},"127":{"start":{"line":232,"column":4},"end":{"line":239,"column":7}},"128":{"start":{"line":233,"column":8},"end":{"line":233,"column":61}},"129":{"start":{"line":233,"column":17},"end":{"line":233,"column":61}},"130":{"start":{"line":234,"column":8},"end":{"line":238,"column":9}},"131":{"start":{"line":235,"column":12},"end":{"line":235,"column":63}},"132":{"start":{"line":237,"column":10},"end":{"line":237,"column":102}},"133":{"start":{"line":245,"column":0},"end":{"line":269,"column":3}},"134":{"start":{"line":246,"column":15},"end":{"line":246,"column":28}},"135":{"start":{"line":247,"column":17},"end":{"line":247,"column":32}},"136":{"start":{"line":249,"column":12},"end":{"line":249,"column":65}},"137":{"start":{"line":250,"column":4},"end":{"line":267,"column":7}},"138":{"start":{"line":251,"column":8},"end":{"line":251,"column":60}},"139":{"start":{"line":251,"column":16},"end":{"line":251,"column":60}},"140":{"start":{"line":252,"column":8},"end":{"line":266,"column":13}},"141":{"start":{"line":253,"column":12},"end":{"line":253,"column":82}},"142":{"start":{"line":255,"column":22},"end":{"line":255,"column":97}},"143":{"start":{"line":256,"column":12},"end":{"line":265,"column":11}},"144":{"start":{"line":257,"column":16},"end":{"line":257,"column":69}},"145":{"start":{"line":257,"column":25},"end":{"line":257,"column":69}},"146":{"start":{"line":258,"column":26},"end":{"line":258,"column":94}},"147":{"start":{"line":259,"column":16},"end":{"line":264,"column":15}},"148":{"start":{"line":260,"column":20},"end":{"line":260,"column":73}},"149":{"start":{"line":260,"column":29},"end":{"line":260,"column":73}},"150":{"start":{"line":261,"column":20},"end":{"line":263,"column":19}},"151":{"start":{"line":272,"column":0},"end":{"line":294,"column":3}},"152":{"start":{"line":273,"column":13},"end":{"line":273,"column":26}},"153":{"start":{"line":274,"column":15},"end":{"line":274,"column":28}},"154":{"start":{"line":275,"column":17},"end":{"line":275,"column":32}},"155":{"start":{"line":277,"column":14},"end":{"line":277,"column":99}},"156":{"start":{"line":278,"column":4},"end":{"line":293,"column":7}},"157":{"start":{"line":279,"column":8},"end":{"line":279,"column":60}},"158":{"start":{"line":279,"column":16},"end":{"line":279,"column":60}},"159":{"start":{"line":280,"column":8},"end":{"line":290,"column":9}},"160":{"start":{"line":281,"column":22},"end":{"line":281,"column":86}},"161":{"start":{"line":282,"column":12},"end":{"line":287,"column":15}},"162":{"start":{"line":283,"column":16},"end":{"line":283,"column":69}},"163":{"start":{"line":283,"column":25},"end":{"line":283,"column":69}},"164":{"start":{"line":284,"column":16},"end":{"line":286,"column":19}},"165":{"start":{"line":289,"column":12},"end":{"line":289,"column":69}},"166":{"start":{"line":298,"column":0},"end":{"line":316,"column":3}},"167":{"start":{"line":299,"column":13},"end":{"line":299,"column":26}},"168":{"start":{"line":300,"column":14},"end":{"line":300,"column":78}},"169":{"start":{"line":301,"column":4},"end":{"line":314,"column":7}},"170":{"start":{"line":302,"column":8},"end":{"line":302,"column":60}},"171":{"start":{"line":302,"column":16},"end":{"line":302,"column":60}},"172":{"start":{"line":303,"column":8},"end":{"line":313,"column":9}},"173":{"start":{"line":304,"column":22},"end":{"line":304,"column":69}},"174":{"start":{"line":305,"column":12},"end":{"line":310,"column":15}},"175":{"start":{"line":306,"column":16},"end":{"line":306,"column":68}},"176":{"start":{"line":306,"column":24},"end":{"line":306,"column":68}},"177":{"start":{"line":307,"column":16},"end":{"line":309,"column":19}},"178":{"start":{"line":312,"column":12},"end":{"line":312,"column":90}},"179":{"start":{"line":319,"column":0},"end":{"line":332,"column":3}},"180":{"start":{"line":320,"column":14},"end":{"line":320,"column":55}},"181":{"start":{"line":321,"column":4},"end":{"line":331,"column":7}},"182":{"start":{"line":322,"column":6},"end":{"line":322,"column":58}},"183":{"start":{"line":322,"column":14},"end":{"line":322,"column":58}},"184":{"start":{"line":323,"column":6},"end":{"line":329,"column":7}},"185":{"start":{"line":324,"column":8},"end":{"line":326,"column":15}},"186":{"start":{"line":328,"column":8},"end":{"line":328,"column":61}},"187":{"start":{"line":335,"column":0},"end":{"line":369,"column":3}},"188":{"start":{"line":336,"column":22},"end":{"line":336,"column":42}},"189":{"start":{"line":337,"column":23},"end":{"line":337,"column":44}},"190":{"start":{"line":338,"column":18},"end":{"line":338,"column":34}},"191":{"start":{"line":340,"column":14},"end":{"line":340,"column":129}},"192":{"start":{"line":341,"column":4},"end":{"line":368,"column":7}},"193":{"start":{"line":342,"column":8},"end":{"line":342,"column":60}},"194":{"start":{"line":342,"column":16},"end":{"line":342,"column":60}},"195":{"start":{"line":343,"column":8},"end":{"line":366,"column":9}},"196":{"start":{"line":344,"column":12},"end":{"line":344,"column":101}},"197":{"start":{"line":346,"column":22},"end":{"line":346,"column":96}},"198":{"start":{"line":347,"column":12},"end":{"line":364,"column":15}},"199":{"start":{"line":348,"column":16},"end":{"line":348,"column":69}},"200":{"start":{"line":348,"column":25},"end":{"line":348,"column":69}},"201":{"start":{"line":349,"column":16},"end":{"line":363,"column":17}},"202":{"start":{"line":350,"column":30},"end":{"line":350,"column":165}},"203":{"start":{"line":351,"column":20},"end":{"line":360,"column":23}},"204":{"start":{"line":352,"column":24},"end":{"line":352,"column":77}},"205":{"start":{"line":352,"column":33},"end":{"line":352,"column":77}},"206":{"start":{"line":353,"column":34},"end":{"line":353,"column":149}},"207":{"start":{"line":354,"column":24},"end":{"line":359,"column":27}},"208":{"start":{"line":355,"column":28},"end":{"line":355,"column":80}},"209":{"start":{"line":355,"column":36},"end":{"line":355,"column":80}},"210":{"start":{"line":356,"column":28},"end":{"line":358,"column":31}},"211":{"start":{"line":362,"column":20},"end":{"line":362,"column":96}},"212":{"start":{"line":372,"column":0},"end":{"line":393,"column":3}},"213":{"start":{"line":373,"column":13},"end":{"line":373,"column":26}},"214":{"start":{"line":374,"column":22},"end":{"line":374,"column":42}},"215":{"start":{"line":375,"column":23},"end":{"line":375,"column":44}},"216":{"start":{"line":376,"column":18},"end":{"line":376,"column":34}},"217":{"start":{"line":378,"column":14},"end":{"line":378,"column":160}},"218":{"start":{"line":379,"column":4},"end":{"line":392,"column":7}},"219":{"start":{"line":380,"column":8},"end":{"line":380,"column":60}},"220":{"start":{"line":380,"column":16},"end":{"line":380,"column":60}},"221":{"start":{"line":381,"column":8},"end":{"line":391,"column":9}},"222":{"start":{"line":382,"column":22},"end":{"line":382,"column":82}},"223":{"start":{"line":383,"column":12},"end":{"line":388,"column":15}},"224":{"start":{"line":384,"column":16},"end":{"line":384,"column":68}},"225":{"start":{"line":384,"column":24},"end":{"line":384,"column":68}},"226":{"start":{"line":385,"column":16},"end":{"line":387,"column":19}},"227":{"start":{"line":390,"column":12},"end":{"line":390,"column":69}},"228":{"start":{"line":397,"column":0},"end":{"line":415,"column":3}},"229":{"start":{"line":398,"column":13},"end":{"line":398,"column":26}},"230":{"start":{"line":399,"column":14},"end":{"line":399,"column":74}},"231":{"start":{"line":400,"column":4},"end":{"line":413,"column":7}},"232":{"start":{"line":401,"column":8},"end":{"line":401,"column":60}},"233":{"start":{"line":401,"column":16},"end":{"line":401,"column":60}},"234":{"start":{"line":402,"column":8},"end":{"line":412,"column":9}},"235":{"start":{"line":403,"column":22},"end":{"line":403,"column":80}},"236":{"start":{"line":404,"column":12},"end":{"line":409,"column":15}},"237":{"start":{"line":405,"column":16},"end":{"line":405,"column":68}},"238":{"start":{"line":405,"column":24},"end":{"line":405,"column":68}},"239":{"start":{"line":406,"column":16},"end":{"line":408,"column":19}},"240":{"start":{"line":411,"column":12},"end":{"line":411,"column":90}},"241":{"start":{"line":418,"column":0},"end":{"line":454,"column":3}},"242":{"start":{"line":419,"column":13},"end":{"line":419,"column":26}},"243":{"start":{"line":421,"column":14},"end":{"line":429,"column":37}},"244":{"start":{"line":430,"column":4},"end":{"line":453,"column":7}},"245":{"start":{"line":431,"column":8},"end":{"line":431,"column":60}},"246":{"start":{"line":431,"column":16},"end":{"line":431,"column":60}},"247":{"start":{"line":432,"column":8},"end":{"line":452,"column":9}},"248":{"start":{"line":433,"column":12},"end":{"line":449,"column":16}},"249":{"start":{"line":451,"column":12},"end":{"line":451,"column":112}},"250":{"start":{"line":457,"column":0},"end":{"line":457,"column":24}}},"fnMap":{"0":{"name":"(anonymous_0)","decl":{"start":{"line":10,"column":22},"end":{"line":10,"column":23}},"loc":{"start":{"line":10,"column":36},"end":{"line":49,"column":1}},"line":10},"1":{"name":"(anonymous_1)","decl":{"start":{"line":25,"column":24},"end":{"line":25,"column":25}},"loc":{"start":{"line":25,"column":39},"end":{"line":47,"column":5}},"line":25},"2":{"name":"(anonymous_2)","decl":{"start":{"line":30,"column":33},"end":{"line":30,"column":34}},"loc":{"start":{"line":30,"column":53},"end":{"line":45,"column":13}},"line":30},"3":{"name":"(anonymous_3)","decl":{"start":{"line":35,"column":38},"end":{"line":35,"column":39}},"loc":{"start":{"line":35,"column":56},"end":{"line":44,"column":17}},"line":35},"4":{"name":"(anonymous_4)","decl":{"start":{"line":38,"column":42},"end":{"line":38,"column":43}},"loc":{"start":{"line":38,"column":60},"end":{"line":43,"column":21}},"line":38},"5":{"name":"(anonymous_5)","decl":{"start":{"line":53,"column":28},"end":{"line":53,"column":29}},"loc":{"start":{"line":53,"column":42},"end":{"line":88,"column":1}},"line":53},"6":{"name":"(anonymous_6)","decl":{"start":{"line":59,"column":30},"end":{"line":59,"column":31}},"loc":{"start":{"line":59,"column":48},"end":{"line":84,"column":9}},"line":59},"7":{"name":"(anonymous_7)","decl":{"start":{"line":63,"column":62},"end":{"line":63,"column":63}},"loc":{"start":{"line":63,"column":79},"end":{"line":78,"column":17}},"line":63},"8":{"name":"(anonymous_8)","decl":{"start":{"line":69,"column":44},"end":{"line":69,"column":45}},"loc":{"start":{"line":69,"column":61},"end":{"line":73,"column":25}},"line":69},"9":{"name":"(anonymous_9)","decl":{"start":{"line":123,"column":21},"end":{"line":123,"column":22}},"loc":{"start":{"line":123,"column":35},"end":{"line":133,"column":1}},"line":123},"10":{"name":"(anonymous_10)","decl":{"start":{"line":125,"column":26},"end":{"line":125,"column":27}},"loc":{"start":{"line":125,"column":44},"end":{"line":132,"column":5}},"line":125},"11":{"name":"(anonymous_11)","decl":{"start":{"line":136,"column":37},"end":{"line":136,"column":38}},"loc":{"start":{"line":136,"column":51},"end":{"line":147,"column":1}},"line":136},"12":{"name":"(anonymous_12)","decl":{"start":{"line":139,"column":26},"end":{"line":139,"column":27}},"loc":{"start":{"line":139,"column":44},"end":{"line":146,"column":5}},"line":139},"13":{"name":"(anonymous_13)","decl":{"start":{"line":150,"column":25},"end":{"line":150,"column":26}},"loc":{"start":{"line":150,"column":39},"end":{"line":173,"column":1}},"line":150},"14":{"name":"(anonymous_14)","decl":{"start":{"line":158,"column":26},"end":{"line":158,"column":27}},"loc":{"start":{"line":158,"column":44},"end":{"line":171,"column":5}},"line":158},"15":{"name":"(anonymous_15)","decl":{"start":{"line":162,"column":34},"end":{"line":162,"column":35}},"loc":{"start":{"line":162,"column":52},"end":{"line":167,"column":13}},"line":162},"16":{"name":"(anonymous_16)","decl":{"start":{"line":176,"column":28},"end":{"line":176,"column":29}},"loc":{"start":{"line":176,"column":42},"end":{"line":193,"column":1}},"line":176},"17":{"name":"(anonymous_17)","decl":{"start":{"line":179,"column":26},"end":{"line":179,"column":27}},"loc":{"start":{"line":179,"column":43},"end":{"line":192,"column":5}},"line":179},"18":{"name":"(anonymous_18)","decl":{"start":{"line":183,"column":34},"end":{"line":183,"column":35}},"loc":{"start":{"line":183,"column":52},"end":{"line":188,"column":13}},"line":183},"19":{"name":"(anonymous_19)","decl":{"start":{"line":196,"column":25},"end":{"line":196,"column":26}},"loc":{"start":{"line":196,"column":39},"end":{"line":206,"column":1}},"line":196},"20":{"name":"(anonymous_20)","decl":{"start":{"line":198,"column":26},"end":{"line":198,"column":27}},"loc":{"start":{"line":198,"column":44},"end":{"line":205,"column":5}},"line":198},"21":{"name":"(anonymous_21)","decl":{"start":{"line":209,"column":29},"end":{"line":209,"column":30}},"loc":{"start":{"line":209,"column":43},"end":{"line":220,"column":1}},"line":209},"22":{"name":"(anonymous_22)","decl":{"start":{"line":212,"column":26},"end":{"line":212,"column":27}},"loc":{"start":{"line":212,"column":44},"end":{"line":219,"column":5}},"line":212},"23":{"name":"(anonymous_23)","decl":{"start":{"line":223,"column":37},"end":{"line":223,"column":38}},"loc":{"start":{"line":223,"column":51},"end":{"line":241,"column":1}},"line":223},"24":{"name":"(anonymous_24)","decl":{"start":{"line":232,"column":26},"end":{"line":232,"column":27}},"loc":{"start":{"line":232,"column":44},"end":{"line":239,"column":5}},"line":232},"25":{"name":"(anonymous_25)","decl":{"start":{"line":245,"column":26},"end":{"line":245,"column":27}},"loc":{"start":{"line":245,"column":40},"end":{"line":269,"column":1}},"line":245},"26":{"name":"(anonymous_26)","decl":{"start":{"line":250,"column":24},"end":{"line":250,"column":25}},"loc":{"start":{"line":250,"column":39},"end":{"line":267,"column":5}},"line":250},"27":{"name":"(anonymous_27)","decl":{"start":{"line":256,"column":34},"end":{"line":256,"column":35}},"loc":{"start":{"line":256,"column":52},"end":{"line":265,"column":9}},"line":256},"28":{"name":"(anonymous_28)","decl":{"start":{"line":259,"column":38},"end":{"line":259,"column":39}},"loc":{"start":{"line":259,"column":56},"end":{"line":264,"column":13}},"line":259},"29":{"name":"(anonymous_29)","decl":{"start":{"line":272,"column":29},"end":{"line":272,"column":30}},"loc":{"start":{"line":272,"column":43},"end":{"line":294,"column":1}},"line":272},"30":{"name":"(anonymous_30)","decl":{"start":{"line":278,"column":26},"end":{"line":278,"column":27}},"loc":{"start":{"line":278,"column":43},"end":{"line":293,"column":5}},"line":278},"31":{"name":"(anonymous_31)","decl":{"start":{"line":282,"column":34},"end":{"line":282,"column":35}},"loc":{"start":{"line":282,"column":52},"end":{"line":287,"column":13}},"line":282},"32":{"name":"(anonymous_32)","decl":{"start":{"line":298,"column":32},"end":{"line":298,"column":33}},"loc":{"start":{"line":298,"column":46},"end":{"line":316,"column":1}},"line":298},"33":{"name":"(anonymous_33)","decl":{"start":{"line":301,"column":26},"end":{"line":301,"column":27}},"loc":{"start":{"line":301,"column":43},"end":{"line":314,"column":5}},"line":301},"34":{"name":"(anonymous_34)","decl":{"start":{"line":305,"column":34},"end":{"line":305,"column":35}},"loc":{"start":{"line":305,"column":52},"end":{"line":310,"column":13}},"line":305},"35":{"name":"(anonymous_35)","decl":{"start":{"line":319,"column":23},"end":{"line":319,"column":24}},"loc":{"start":{"line":319,"column":37},"end":{"line":332,"column":1}},"line":319},"36":{"name":"(anonymous_36)","decl":{"start":{"line":321,"column":26},"end":{"line":321,"column":27}},"loc":{"start":{"line":321,"column":44},"end":{"line":331,"column":5}},"line":321},"37":{"name":"(anonymous_37)","decl":{"start":{"line":335,"column":24},"end":{"line":335,"column":25}},"loc":{"start":{"line":335,"column":38},"end":{"line":369,"column":1}},"line":335},"38":{"name":"(anonymous_38)","decl":{"start":{"line":341,"column":26},"end":{"line":341,"column":27}},"loc":{"start":{"line":341,"column":44},"end":{"line":368,"column":5}},"line":341},"39":{"name":"(anonymous_39)","decl":{"start":{"line":347,"column":34},"end":{"line":347,"column":35}},"loc":{"start":{"line":347,"column":49},"end":{"line":364,"column":13}},"line":347},"40":{"name":"(anonymous_40)","decl":{"start":{"line":351,"column":42},"end":{"line":351,"column":43}},"loc":{"start":{"line":351,"column":60},"end":{"line":360,"column":21}},"line":351},"41":{"name":"(anonymous_41)","decl":{"start":{"line":354,"column":46},"end":{"line":354,"column":47}},"loc":{"start":{"line":354,"column":64},"end":{"line":359,"column":25}},"line":354},"42":{"name":"(anonymous_42)","decl":{"start":{"line":372,"column":27},"end":{"line":372,"column":28}},"loc":{"start":{"line":372,"column":41},"end":{"line":393,"column":1}},"line":372},"43":{"name":"(anonymous_43)","decl":{"start":{"line":379,"column":26},"end":{"line":379,"column":27}},"loc":{"start":{"line":379,"column":44},"end":{"line":392,"column":5}},"line":379},"44":{"name":"(anonymous_44)","decl":{"start":{"line":383,"column":34},"end":{"line":383,"column":35}},"loc":{"start":{"line":383,"column":52},"end":{"line":388,"column":13}},"line":383},"45":{"name":"(anonymous_45)","decl":{"start":{"line":397,"column":30},"end":{"line":397,"column":31}},"loc":{"start":{"line":397,"column":44},"end":{"line":415,"column":1}},"line":397},"46":{"name":"(anonymous_46)","decl":{"start":{"line":400,"column":26},"end":{"line":400,"column":27}},"loc":{"start":{"line":400,"column":44},"end":{"line":413,"column":5}},"line":400},"47":{"name":"(anonymous_47)","decl":{"start":{"line":404,"column":34},"end":{"line":404,"column":35}},"loc":{"start":{"line":404,"column":51},"end":{"line":409,"column":13}},"line":404},"48":{"name":"(anonymous_48)","decl":{"start":{"line":418,"column":27},"end":{"line":418,"column":28}},"loc":{"start":{"line":418,"column":41},"end":{"line":454,"column":1}},"line":418},"49":{"name":"(anonymous_49)","decl":{"start":{"line":430,"column":26},"end":{"line":430,"column":27}},"loc":{"start":{"line":430,"column":44},"end":{"line":453,"column":5}},"line":430}},"branchMap":{"0":{"loc":{"start":{"line":17,"column":4},"end":{"line":21,"column":5}},"type":"if","locations":[{"start":{"line":17,"column":4},"end":{"line":21,"column":5}},{"start":{"line":19,"column":10},"end":{"line":21,"column":5}}],"line":17},"1":{"loc":{"start":{"line":26,"column":8},"end":{"line":26,"column":60}},"type":"if","locations":[{"start":{"line":26,"column":8},"end":{"line":26,"column":60}},{"start":{},"end":{}}],"line":26},"2":{"loc":{"start":{"line":27,"column":8},"end":{"line":46,"column":9}},"type":"if","locations":[{"start":{"line":27,"column":8},"end":{"line":46,"column":9}},{"start":{"line":29,"column":14},"end":{"line":46,"column":9}}],"line":27},"3":{"loc":{"start":{"line":31,"column":16},"end":{"line":33,"column":17}},"type":"if","locations":[{"start":{"line":31,"column":16},"end":{"line":33,"column":17}},{"start":{},"end":{}}],"line":31},"4":{"loc":{"start":{"line":36,"column":20},"end":{"line":36,"column":73}},"type":"if","locations":[{"start":{"line":36,"column":20},"end":{"line":36,"column":73}},{"start":{},"end":{}}],"line":36},"5":{"loc":{"start":{"line":39,"column":24},"end":{"line":39,"column":77}},"type":"if","locations":[{"start":{"line":39,"column":24},"end":{"line":39,"column":77}},{"start":{},"end":{}}],"line":39},"6":{"loc":{"start":{"line":57,"column":4},"end":{"line":87,"column":5}},"type":"if","locations":[{"start":{"line":57,"column":4},"end":{"line":87,"column":5}},{"start":{"line":85,"column":10},"end":{"line":87,"column":5}}],"line":57},"7":{"loc":{"start":{"line":57,"column":7},"end":{"line":57,"column":22}},"type":"binary-expr","locations":[{"start":{"line":57,"column":7},"end":{"line":57,"column":15}},{"start":{"line":57,"column":19},"end":{"line":57,"column":22}}],"line":57},"8":{"loc":{"start":{"line":60,"column":12},"end":{"line":60,"column":65}},"type":"if","locations":[{"start":{"line":60,"column":12},"end":{"line":60,"column":65}},{"start":{},"end":{}}],"line":60},"9":{"loc":{"start":{"line":61,"column":12},"end":{"line":83,"column":13}},"type":"if","locations":[{"start":{"line":61,"column":12},"end":{"line":83,"column":13}},{"start":{"line":81,"column":18},"end":{"line":83,"column":13}}],"line":61},"10":{"loc":{"start":{"line":64,"column":20},"end":{"line":64,"column":72}},"type":"if","locations":[{"start":{"line":64,"column":20},"end":{"line":64,"column":72}},{"start":{},"end":{}}],"line":64},"11":{"loc":{"start":{"line":65,"column":20},"end":{"line":77,"column":21}},"type":"if","locations":[{"start":{"line":65,"column":20},"end":{"line":77,"column":21}},{"start":{"line":75,"column":26},"end":{"line":77,"column":21}}],"line":65},"12":{"loc":{"start":{"line":70,"column":28},"end":{"line":70,"column":81}},"type":"if","locations":[{"start":{"line":70,"column":28},"end":{"line":70,"column":81}},{"start":{},"end":{}}],"line":70},"13":{"loc":{"start":{"line":126,"column":8},"end":{"line":126,"column":60}},"type":"if","locations":[{"start":{"line":126,"column":8},"end":{"line":126,"column":60}},{"start":{},"end":{}}],"line":126},"14":{"loc":{"start":{"line":127,"column":8},"end":{"line":131,"column":9}},"type":"if","locations":[{"start":{"line":127,"column":8},"end":{"line":131,"column":9}},{"start":{"line":129,"column":14},"end":{"line":131,"column":9}}],"line":127},"15":{"loc":{"start":{"line":140,"column":8},"end":{"line":140,"column":61}},"type":"if","locations":[{"start":{"line":140,"column":8},"end":{"line":140,"column":61}},{"start":{},"end":{}}],"line":140},"16":{"loc":{"start":{"line":141,"column":8},"end":{"line":145,"column":9}},"type":"if","locations":[{"start":{"line":141,"column":8},"end":{"line":145,"column":9}},{"start":{"line":143,"column":14},"end":{"line":145,"column":9}}],"line":141},"17":{"loc":{"start":{"line":159,"column":8},"end":{"line":159,"column":60}},"type":"if","locations":[{"start":{"line":159,"column":8},"end":{"line":159,"column":60}},{"start":{},"end":{}}],"line":159},"18":{"loc":{"start":{"line":160,"column":8},"end":{"line":170,"column":9}},"type":"if","locations":[{"start":{"line":160,"column":8},"end":{"line":170,"column":9}},{"start":{"line":168,"column":14},"end":{"line":170,"column":9}}],"line":160},"19":{"loc":{"start":{"line":163,"column":16},"end":{"line":163,"column":69}},"type":"if","locations":[{"start":{"line":163,"column":16},"end":{"line":163,"column":69}},{"start":{},"end":{}}],"line":163},"20":{"loc":{"start":{"line":180,"column":8},"end":{"line":180,"column":60}},"type":"if","locations":[{"start":{"line":180,"column":8},"end":{"line":180,"column":60}},{"start":{},"end":{}}],"line":180},"21":{"loc":{"start":{"line":181,"column":8},"end":{"line":191,"column":9}},"type":"if","locations":[{"start":{"line":181,"column":8},"end":{"line":191,"column":9}},{"start":{"line":189,"column":14},"end":{"line":191,"column":9}}],"line":181},"22":{"loc":{"start":{"line":184,"column":16},"end":{"line":184,"column":68}},"type":"if","locations":[{"start":{"line":184,"column":16},"end":{"line":184,"column":68}},{"start":{},"end":{}}],"line":184},"23":{"loc":{"start":{"line":199,"column":8},"end":{"line":199,"column":60}},"type":"if","locations":[{"start":{"line":199,"column":8},"end":{"line":199,"column":60}},{"start":{},"end":{}}],"line":199},"24":{"loc":{"start":{"line":200,"column":8},"end":{"line":204,"column":9}},"type":"if","locations":[{"start":{"line":200,"column":8},"end":{"line":204,"column":9}},{"start":{"line":202,"column":14},"end":{"line":204,"column":9}}],"line":200},"25":{"loc":{"start":{"line":213,"column":8},"end":{"line":213,"column":61}},"type":"if","locations":[{"start":{"line":213,"column":8},"end":{"line":213,"column":61}},{"start":{},"end":{}}],"line":213},"26":{"loc":{"start":{"line":214,"column":8},"end":{"line":218,"column":9}},"type":"if","locations":[{"start":{"line":214,"column":8},"end":{"line":218,"column":9}},{"start":{"line":216,"column":14},"end":{"line":218,"column":9}}],"line":214},"27":{"loc":{"start":{"line":226,"column":4},"end":{"line":230,"column":5}},"type":"if","locations":[{"start":{"line":226,"column":4},"end":{"line":230,"column":5}},{"start":{"line":228,"column":10},"end":{"line":230,"column":5}}],"line":226},"28":{"loc":{"start":{"line":233,"column":8},"end":{"line":233,"column":61}},"type":"if","locations":[{"start":{"line":233,"column":8},"end":{"line":233,"column":61}},{"start":{},"end":{}}],"line":233},"29":{"loc":{"start":{"line":234,"column":8},"end":{"line":238,"column":9}},"type":"if","locations":[{"start":{"line":234,"column":8},"end":{"line":238,"column":9}},{"start":{"line":236,"column":14},"end":{"line":238,"column":9}}],"line":234},"30":{"loc":{"start":{"line":251,"column":8},"end":{"line":251,"column":60}},"type":"if","locations":[{"start":{"line":251,"column":8},"end":{"line":251,"column":60}},{"start":{},"end":{}}],"line":251},"31":{"loc":{"start":{"line":252,"column":8},"end":{"line":266,"column":13}},"type":"if","locations":[{"start":{"line":252,"column":8},"end":{"line":266,"column":13}},{"start":{"line":254,"column":14},"end":{"line":266,"column":13}}],"line":252},"32":{"loc":{"start":{"line":257,"column":16},"end":{"line":257,"column":69}},"type":"if","locations":[{"start":{"line":257,"column":16},"end":{"line":257,"column":69}},{"start":{},"end":{}}],"line":257},"33":{"loc":{"start":{"line":260,"column":20},"end":{"line":260,"column":73}},"type":"if","locations":[{"start":{"line":260,"column":20},"end":{"line":260,"column":73}},{"start":{},"end":{}}],"line":260},"34":{"loc":{"start":{"line":279,"column":8},"end":{"line":279,"column":60}},"type":"if","locations":[{"start":{"line":279,"column":8},"end":{"line":279,"column":60}},{"start":{},"end":{}}],"line":279},"35":{"loc":{"start":{"line":280,"column":8},"end":{"line":290,"column":9}},"type":"if","locations":[{"start":{"line":280,"column":8},"end":{"line":290,"column":9}},{"start":{"line":288,"column":14},"end":{"line":290,"column":9}}],"line":280},"36":{"loc":{"start":{"line":283,"column":16},"end":{"line":283,"column":69}},"type":"if","locations":[{"start":{"line":283,"column":16},"end":{"line":283,"column":69}},{"start":{},"end":{}}],"line":283},"37":{"loc":{"start":{"line":302,"column":8},"end":{"line":302,"column":60}},"type":"if","locations":[{"start":{"line":302,"column":8},"end":{"line":302,"column":60}},{"start":{},"end":{}}],"line":302},"38":{"loc":{"start":{"line":303,"column":8},"end":{"line":313,"column":9}},"type":"if","locations":[{"start":{"line":303,"column":8},"end":{"line":313,"column":9}},{"start":{"line":311,"column":14},"end":{"line":313,"column":9}}],"line":303},"39":{"loc":{"start":{"line":306,"column":16},"end":{"line":306,"column":68}},"type":"if","locations":[{"start":{"line":306,"column":16},"end":{"line":306,"column":68}},{"start":{},"end":{}}],"line":306},"40":{"loc":{"start":{"line":322,"column":6},"end":{"line":322,"column":58}},"type":"if","locations":[{"start":{"line":322,"column":6},"end":{"line":322,"column":58}},{"start":{},"end":{}}],"line":322},"41":{"loc":{"start":{"line":323,"column":6},"end":{"line":329,"column":7}},"type":"if","locations":[{"start":{"line":323,"column":6},"end":{"line":329,"column":7}},{"start":{"line":327,"column":12},"end":{"line":329,"column":7}}],"line":323},"42":{"loc":{"start":{"line":342,"column":8},"end":{"line":342,"column":60}},"type":"if","locations":[{"start":{"line":342,"column":8},"end":{"line":342,"column":60}},{"start":{},"end":{}}],"line":342},"43":{"loc":{"start":{"line":343,"column":8},"end":{"line":366,"column":9}},"type":"if","locations":[{"start":{"line":343,"column":8},"end":{"line":366,"column":9}},{"start":{"line":345,"column":14},"end":{"line":366,"column":9}}],"line":343},"44":{"loc":{"start":{"line":348,"column":16},"end":{"line":348,"column":69}},"type":"if","locations":[{"start":{"line":348,"column":16},"end":{"line":348,"column":69}},{"start":{},"end":{}}],"line":348},"45":{"loc":{"start":{"line":349,"column":16},"end":{"line":363,"column":17}},"type":"if","locations":[{"start":{"line":349,"column":16},"end":{"line":363,"column":17}},{"start":{"line":361,"column":22},"end":{"line":363,"column":17}}],"line":349},"46":{"loc":{"start":{"line":352,"column":24},"end":{"line":352,"column":77}},"type":"if","locations":[{"start":{"line":352,"column":24},"end":{"line":352,"column":77}},{"start":{},"end":{}}],"line":352},"47":{"loc":{"start":{"line":355,"column":28},"end":{"line":355,"column":80}},"type":"if","locations":[{"start":{"line":355,"column":28},"end":{"line":355,"column":80}},{"start":{},"end":{}}],"line":355},"48":{"loc":{"start":{"line":380,"column":8},"end":{"line":380,"column":60}},"type":"if","locations":[{"start":{"line":380,"column":8},"end":{"line":380,"column":60}},{"start":{},"end":{}}],"line":380},"49":{"loc":{"start":{"line":381,"column":8},"end":{"line":391,"column":9}},"type":"if","locations":[{"start":{"line":381,"column":8},"end":{"line":391,"column":9}},{"start":{"line":389,"column":14},"end":{"line":391,"column":9}}],"line":381},"50":{"loc":{"start":{"line":384,"column":16},"end":{"line":384,"column":68}},"type":"if","locations":[{"start":{"line":384,"column":16},"end":{"line":384,"column":68}},{"start":{},"end":{}}],"line":384},"51":{"loc":{"start":{"line":401,"column":8},"end":{"line":401,"column":60}},"type":"if","locations":[{"start":{"line":401,"column":8},"end":{"line":401,"column":60}},{"start":{},"end":{}}],"line":401},"52":{"loc":{"start":{"line":402,"column":8},"end":{"line":412,"column":9}},"type":"if","locations":[{"start":{"line":402,"column":8},"end":{"line":412,"column":9}},{"start":{"line":410,"column":14},"end":{"line":412,"column":9}}],"line":402},"53":{"loc":{"start":{"line":405,"column":16},"end":{"line":405,"column":68}},"type":"if","locations":[{"start":{"line":405,"column":16},"end":{"line":405,"column":68}},{"start":{},"end":{}}],"line":405},"54":{"loc":{"start":{"line":431,"column":8},"end":{"line":431,"column":60}},"type":"if","locations":[{"start":{"line":431,"column":8},"end":{"line":431,"column":60}},{"start":{},"end":{}}],"line":431},"55":{"loc":{"start":{"line":432,"column":8},"end":{"line":452,"column":9}},"type":"if","locations":[{"start":{"line":432,"column":8},"end":{"line":452,"column":9}},{"start":{"line":450,"column":14},"end":{"line":452,"column":9}}],"line":432}},"s":{"0":1,"1":1,"2":1,"3":1,"4":1,"5":1,"6":1,"7":0,"8":0,"9":0,"10":0,"11":0,"12":0,"13":0,"14":0,"15":0,"16":0,"17":0,"18":0,"19":0,"20":0,"21":0,"22":0,"23":0,"24":0,"25":0,"26":0,"27":0,"28":0,"29":0,"30":0,"31":0,"32":0,"33":1,"34":0,"35":0,"36":0,"37":0,"38":0,"39":0,"40":0,"41":0,"42":0,"43":0,"44":0,"45":0,"46":0,"47":0,"48":0,"49":0,"50":0,"51":0,"52":0,"53":0,"54":0,"55":0,"56":0,"57":1,"58":0,"59":0,"60":0,"61":0,"62":0,"63":0,"64":0,"65":1,"66":0,"67":0,"68":0,"69":0,"70":0,"71":0,"72":0,"73":0,"74":1,"75":0,"76":0,"77":0,"78":0,"79":0,"80":0,"81":0,"82":0,"83":0,"84":0,"85":0,"86":0,"87":0,"88":0,"89":0,"90":0,"91":1,"92":0,"93":0,"94":0,"95":0,"96":0,"97":0,"98":0,"99":0,"100":0,"101":0,"102":0,"103":0,"104":1,"105":0,"106":0,"107":0,"108":0,"109":0,"110":0,"111":0,"112":1,"113":0,"114":0,"115":0,"116":0,"117":0,"118":0,"119":0,"120":0,"121":1,"122":0,"123":0,"124":0,"125":0,"126":0,"127":0,"128":0,"129":0,"130":0,"131":0,"132":0,"133":1,"134":0,"135":0,"136":0,"137":0,"138":0,"139":0,"140":0,"141":0,"142":0,"143":0,"144":0,"145":0,"146":0,"147":0,"148":0,"149":0,"150":0,"151":1,"152":0,"153":0,"154":0,"155":0,"156":0,"157":0,"158":0,"159":0,"160":0,"161":0,"162":0,"163":0,"164":0,"165":0,"166":1,"167":0,"168":0,"169":0,"170":0,"171":0,"172":0,"173":0,"174":0,"175":0,"176":0,"177":0,"178":0,"179":1,"180":0,"181":0,"182":0,"183":0,"184":0,"185":0,"186":0,"187":1,"188":0,"189":0,"190":0,"191":0,"192":0,"193":0,"194":0,"195":0,"196":0,"197":0,"198":0,"199":0,"200":0,"201":0,"202":0,"203":0,"204":0,"205":0,"206":0,"207":0,"208":0,"209":0,"210":0,"211":0,"212":1,"213":0,"214":0,"215":0,"216":0,"217":0,"218":0,"219":0,"220":0,"221":0,"222":0,"223":0,"224":0,"225":0,"226":0,"227":0,"228":1,"229":0,"230":0,"231":0,"232":0,"233":0,"234":0,"235":0,"236":0,"237":0,"238":0,"239":0,"240":0,"241":1,"242":0,"243":0,"244":0,"245":0,"246":0,"247":0,"248":0,"249":0,"250":1},"f":{"0":0,"1":0,"2":0,"3":0,"4":0,"5":0,"6":0,"7":0,"8":0,"9":0,"10":0,"11":0,"12":0,"13":0,"14":0,"15":0,"16":0,"17":0,"18":0,"19":0,"20":0,"21":0,"22":0,"23":0,"24":0,"25":0,"26":0,"27":0,"28":0,"29":0,"30":0,"31":0,"32":0,"33":0,"34":0,"35":0,"36":0,"37":0,"38":0,"39":0,"40":0,"41":0,"42":0,"43":0,"44":0,"45":0,"46":0,"47":0,"48":0,"49":0},"b":{"0":[0,0],"1":[0,0],"2":[0,0],"3":[0,0],"4":[0,0],"5":[0,0],"6":[0,0],"7":[0,0],"8":[0,0],"9":[0,0],"10":[0,0],"11":[0,0],"12":[0,0],"13":[0,0],"14":[0,0],"15":[0,0],"16":[0,0],"17":[0,0],"18":[0,0],"19":[0,0],"20":[0,0],"21":[0,0],"22":[0,0],"23":[0,0],"24":[0,0],"25":[0,0],"26":[0,0],"27":[0,0],"28":[0,0],"29":[0,0],"30":[0,0],"31":[0,0],"32":[0,0],"33":[0,0],"34":[0,0],"35":[0,0],"36":[0,0],"37":[0,0],"38":[0,0],"39":[0,0],"40":[0,0],"41":[0,0],"42":[0,0],"43":[0,0],"44":[0,0],"45":[0,0],"46":[0,0],"47":[0,0],"48":[0,0],"49":[0,0],"50":[0,0],"51":[0,0],"52":[0,0],"53":[0,0],"54":[0,0],"55":[0,0]},"_coverageSchema":"1a1c01bbd47fc00a2c39e90264f33305004495a9","hash":"60041fa6cc9aad78842fb609f4242b2c880581b9"}
}
